[20:46:29] [main/INFO]: Loading Minecraft 1.20.1 with Fabric Loader 0.14.24
[20:46:30] [main/INFO]: Loading 219 mods:
	- ae2 15.0.14
	   \-- team_reborn_energy 3.0.0
	- appleskin 2.5.1+mc1.20
	- architectury 9.1.12
	- autotag-convention 2.0.2+1.20
	   \-- autotag 2.0.2+1.20
	- badpackets 0.4.3
	- balm-fabric 7.1.4
	- bclib 3.0.13
	   \-- wunderlib 1.1.5
	- betteranimationscollection 8.0.0
	- betterdeserttemples 1.20-Fabric-3.0.3
	   \-- org_reflections_reflections 0.10.2
	- betterdungeons 1.20-Fabric-4.0.3
	- betterend 4.0.10
	- betterendisland 1.20-Fabric-2.0.4
	- betterf3 7.0.1
	- betterfortresses 1.20-Fabric-2.0.5
	- betterjungletemples 1.20-Fabric-2.0.4
	- bettermineshafts 1.20-Fabric-4.0.4
	- bettermounthud 1.2.2
	- betternether 9.0.9
	- betteroceanmonuments 1.20-Fabric-3.0.3
	- betterstrongholds 1.20-Fabric-4.0.3
	- betterwitchhuts 1.20-Fabric-3.0.3
	- blur 3.1.0
	   |-- midnightlib 1.4.1
	   \-- satin 1.13.0
	- bookshelf 20.1.6
	- capes 1.5.2+1.20
	- cardinal-components 5.2.2
	   |-- cardinal-components-base 5.2.2
	   |-- cardinal-components-block 5.2.2
	   |-- cardinal-components-chunk 5.2.2
	   |-- cardinal-components-entity 5.2.2
	   |-- cardinal-components-item 5.2.2
	   |-- cardinal-components-level 5.2.2
	   |-- cardinal-components-scoreboard 5.2.2
	   \-- cardinal-components-world 5.2.2
	- carpet 1.4.112+v230608
	- chat_heads 0.10.22
	- cloth-config 11.1.106
	   \-- cloth-basic-math 0.6.1
	- collective 6.80
	- craftify 1.12.0
	   |-- elementa 590
	   |-- universalcraft 277
	   \-- vigilance 284
	- ctov 3.3.6
	- enchdesc 17.0.8
	- entity_texture_features 4.6.1
	   \-- org_apache_httpcomponents_httpmime 4.5.10
	- entityculling 1.6.2-mc1.20
	- fabric-api 0.90.7+1.20.1
	   |-- fabric-api-base 0.4.30+7abfd51577
	   |-- fabric-api-lookup-api-v1 1.6.35+4d8536c977
	   |-- fabric-biome-api-v1 13.0.12+215bbe9677
	   |-- fabric-block-api-v1 1.0.10+92a0d36777
	   |-- fabric-block-view-api-v2 1.0.0+92a0d36777
	   |-- fabric-blockrenderlayer-v1 1.1.40+b3afc78b77
	   |-- fabric-client-tags-api-v1 1.1.1+97bb207577
	   |-- fabric-command-api-v1 1.2.33+f71b366f77
	   |-- fabric-command-api-v2 2.2.12+b3afc78b77
	   |-- fabric-commands-v0 0.2.50+df3654b377
	   |-- fabric-containers-v0 0.1.63+df3654b377
	   |-- fabric-content-registries-v0 4.0.10+57aed33f77
	   |-- fabric-convention-tags-v1 1.5.4+a1a980da77
	   |-- fabric-crash-report-info-v1 0.2.18+aeb40ebe77
	   |-- fabric-data-generation-api-v1 12.3.2+d7b148e077
	   |-- fabric-dimensions-v1 2.1.53+8536527b77
	   |-- fabric-entity-events-v1 1.5.22+b3afc78b77
	   |-- fabric-events-interaction-v0 0.6.1+e91849a877
	   |-- fabric-events-lifecycle-v0 0.2.62+df3654b377
	   |-- fabric-game-rule-api-v1 1.0.39+ae9f657a77
	   |-- fabric-item-api-v1 2.1.27+b3afc78b77
	   |-- fabric-item-group-api-v1 4.0.11+d7b148e077
	   |-- fabric-key-binding-api-v1 1.0.36+fb8d95da77
	   |-- fabric-keybindings-v0 0.2.34+df3654b377
	   |-- fabric-lifecycle-events-v1 2.2.21+b3afc78b77
	   |-- fabric-loot-api-v2 1.2.0+96dfa95977
	   |-- fabric-loot-tables-v1 1.1.44+9e7660c677
	   |-- fabric-message-api-v1 5.1.8+d7b148e077
	   |-- fabric-mining-level-api-v1 2.1.49+b3afc78b77
	   |-- fabric-model-loading-api-v1 1.0.2+709a987177
	   |-- fabric-models-v0 0.4.1+9386d8a777
	   |-- fabric-networking-api-v1 1.3.10+eeb8eb3677
	   |-- fabric-networking-v0 0.3.50+df3654b377
	   |-- fabric-object-builder-api-v1 11.1.2+4ee0bc6077
	   |-- fabric-particles-v1 1.1.1+201a23a077
	   |-- fabric-recipe-api-v1 1.0.20+b3afc78b77
	   |-- fabric-registry-sync-v0 2.3.2+4df89eb277
	   |-- fabric-renderer-api-v1 3.2.0+39a511ba77
	   |-- fabric-renderer-indigo 1.5.0+39a511ba77
	   |-- fabric-renderer-registries-v1 3.2.45+df3654b377
	   |-- fabric-rendering-data-attachment-v1 0.3.36+92a0d36777
	   |-- fabric-rendering-fluids-v1 3.0.27+b3afc78b77
	   |-- fabric-rendering-v0 1.1.48+df3654b377
	   |-- fabric-rendering-v1 3.0.7+b3afc78b77
	   |-- fabric-resource-conditions-api-v1 2.3.6+d7b148e077
	   |-- fabric-resource-loader-v0 0.11.9+132c48c177
	   |-- fabric-screen-api-v1 2.0.7+b3afc78b77
	   |-- fabric-screen-handler-api-v1 1.3.29+b3afc78b77
	   |-- fabric-sound-api-v1 1.0.12+b3afc78b77
	   |-- fabric-transfer-api-v1 3.3.2+1bc31aeb77
	   \-- fabric-transitive-access-wideners-v1 4.3.0+6c31357e77
	- fabric-language-kotlin 1.10.9+kotlin.1.9.0
	   |-- org_jetbrains_kotlin_kotlin-reflect 1.9.0
	   |-- org_jetbrains_kotlin_kotlin-stdlib 1.9.0
	   |-- org_jetbrains_kotlin_kotlin-stdlib-jdk7 1.9.0
	   |-- org_jetbrains_kotlin_kotlin-stdlib-jdk8 1.9.0
	   |-- org_jetbrains_kotlinx_atomicfu-jvm 0.22.0
	   |-- org_jetbrains_kotlinx_kotlinx-coroutines-core-jvm 1.7.3
	   |-- org_jetbrains_kotlinx_kotlinx-coroutines-jdk8 1.7.3
	   |-- org_jetbrains_kotlinx_kotlinx-datetime-jvm 0.4.0
	   |-- org_jetbrains_kotlinx_kotlinx-serialization-cbor-jvm 1.6.0
	   |-- org_jetbrains_kotlinx_kotlinx-serialization-core-jvm 1.6.0
	   \-- org_jetbrains_kotlinx_kotlinx-serialization-json-jvm 1.6.0
	- fabricloader 0.14.24
	- fancymenu 2.14.10
	   \-- com_github_llamalad7_mixinextras 0.2.0
	- farmersdelight 1.20.1-1.4.2
	- ferritecore 6.0.1
	- forgeconfigapiport 8.0.0
	- heartbond 1.6.0
	- highlighter 1.1.6
	- iceberg 1.1.15
	- indium 1.0.27+mc1.20.1
	- inventoryessentials 8.2.1
	- inventoryprofilesnext 1.10.9
	- iris 1.6.10
	   |-- io_github_douira_glsl-transformer 2.0.0-pre13
	   |-- org_anarres_jcpp 1.4.14
	   \-- org_antlr_antlr4-runtime 4.11.1
	- isxander-main-menu-credits 1.1.2
	- java 21
	- konkrete 1.7.0
	- krypton 0.2.3
	   \-- com_velocitypowered_velocity-native 3.2.0-SNAPSHOT
	- libipn 4.0.0
	- lithium 0.11.2
	- loadmyresources 1.0.4
	- minecraft 1.20.1
	- mixintrace 1.1.1+1.17
	- modernfix 5.9.0+mc1.20.1
	- modmenu 7.2.2
	- moonlight 1.20-2.8.56
	- mr_veinminer 1.1.0
	- netherportalfix 13.0.0
	- notenoughanimations 1.6.4
	- openpartiesandclaims 0.20.0
	- origins 1.10.0
	   |-- apoli 2.9.0
	   |    |-- additionalentityattributes 1.3.0+1.20.0
	   |    |-- calio 1.11.0
	   |    \-- playerabilitylib 1.8.0
	   \-- reach-entity-attributes 2.4.0
	- origins-classes 1.7.0
	- puzzleslib 8.1.7
	   \-- puzzlesaccessapi 8.0.7
	- reeses-sodium-options 1.6.5+mc1.20.1-build.95
	- roughlyenoughitems 12.0.674
	   \-- error_notifier 1.0.9
	- seasons 2.3+1.20
	- shulkerboxtooltip 4.0.4+1.20.1
	- skinlayers 1.5.4-mc1.20.1
	- sodium 0.5.3
	- sodium-extra 0.5.1+mc1.20.1-build.112
	   |-- caffeineconfig 1.3.0+1.17
	   \-- crowdin-translate 1.4+1.19.3
	- sound_physics_remastered 1.20.1-1.2.1
	- starlight 1.1.2+fabric.dbc156f
	- supplementaries 1.20-2.6.19
	   \-- mixinsquared 0.1.1
	- terrablender 3.0.0.169
	   |-- com_electronwill_night-config_core 3.6.4
	   \-- com_electronwill_night-config_toml 3.6.4
	- travelersbackpack 1.20.1-9.1.8
	- travelerstitles 1.20-Fabric-4.0.1
	- trinkets 3.7.1
	- universal-graves 3.0.0+1.20.1
	   |-- common-protection-api 1.0.0
	   |-- fabric-permissions-api-v0 0.2-SNAPSHOT
	   |-- placeholder-api 2.1.3+1.20.1
	   |-- polymer-core 0.5.15+1.20.1
	   |    |-- polymer-networking 0.5.15+1.20.1
	   |    |    \-- polymer-common 0.5.15+1.20.1
	   |    |         \-- packet_tweaker 0.4.0+1.19.4
	   |    \-- polymer-registry-sync-manipulator 0.5.15+1.20.1
	   |-- polymer-resource-pack 0.5.15+1.20.1
	   |    \-- polymer-common 0.5.15+1.20.1
	   |         \-- packet_tweaker 0.4.0+1.19.4
	   |-- polymer-virtual-entity 0.5.15+1.20.1
	   |    \-- polymer-common 0.5.15+1.20.1
	   |         \-- packet_tweaker 0.4.0+1.19.4
	   |-- predicate-api 0.2.1+1.20.1
	   |-- server_translations_api 2.0.0+1.20
	   |    \-- packet_tweaker 0.4.0+1.19.4
	   \-- sgui 1.2.2+1.20
	- villagernames 6.1
	- visualworkbench 8.0.0
	- voicechat 1.20.1-2.4.28
	- waystones 14.0.2
	- wthit 8.4.1
	- wunderreich 6.0.4
	- xaerominimap 23.8.4
	- yet_another_config_lib_v3 3.2.1+1.20
	   |-- com_twelvemonkeys_common_common-image 3.10.0-SNAPSHOT
	   |-- com_twelvemonkeys_common_common-io 3.10.0-SNAPSHOT
	   |-- com_twelvemonkeys_common_common-lang 3.10.0-SNAPSHOT
	   |-- com_twelvemonkeys_imageio_imageio-core 3.10.0-SNAPSHOT
	   |-- com_twelvemonkeys_imageio_imageio-metadata 3.10.0-SNAPSHOT
	   |-- com_twelvemonkeys_imageio_imageio-webp 3.10.0-SNAPSHOT
	   |-- org_quiltmc_parsers_gson 0.2.1
	   \-- org_quiltmc_parsers_json 0.2.1
	- yosbr 0.1.2
	- yungsapi 1.20-Fabric-4.0.2
	   \-- org_javassist_javassist 3.29.2-GA
	- yungsbridges 1.20-Fabric-4.0.3
	- yungsextras 1.20-Fabric-4.0.3
	- yungsmenutweaks 1.20.1-Fabric-1.0.1
	- zoomify 2.11.2
	   |-- com_akuleshov7_ktoml-core-jvm 0.4.1
	   |-- dev_isxander_settxi_settxi-core 2.10.6
	   \-- dev_isxander_settxi_settxi-kotlinx-serialization 2.10.6
[20:46:30] [main/INFO]: Applying default options... (YOSBR)
[20:46:30] [main/INFO]: SpongePowered MIXIN Subsystem Version=0.8.5 Source=file:/C:/MultiMC/libraries/net/fabricmc/sponge-mixin/0.12.5+mixin.0.8.5/sponge-mixin-0.12.5+mixin.0.8.5.jar Service=Knot/Fabric Env=CLIENT
[20:46:30] [main/INFO]: Compatibility level set to JAVA_17
[20:46:31] [main/INFO]: Loaded configuration file for Lithium: 115 options available, 3 override(s) found
[20:46:32] [main/INFO]: Loaded configuration file for ModernFix 5.9.0+mc1.20.1: 52 options available, 0 override(s) found
[20:46:32] [main/INFO]: Applying Nashorn fix
[20:46:32] [main/WARN]: [Satin] Iris is present, custom block renders will not work
[20:46:32] [main/INFO]: Loaded configuration file for Sodium: 41 options available, 3 override(s) found
[20:46:32] [main/INFO]: Loaded configuration file for Sodium Extra: 32 options available, 0 override(s) found
[20:46:32] [main/WARN]: Reference map 'yungsextras.refmap.json' for yungsextras.mixins.json could not be read. If this is a development environment you can ignore this message
[20:46:32] [main/WARN]: Reference map 'yungsextras.refmap.json' for yungsextras_fabric.mixins.json could not be read. If this is a development environment you can ignore this message
[20:46:33] [main/WARN]: Force-disabling mixin 'alloc.blockstate.StateMixin' as rule 'mixin.alloc.blockstate' (added by mods [ferritecore]) disables it and children
[20:46:33] [main/WARN]: Force-disabling mixin 'entity.collisions.suffocation.EntityMixin' as rule 'mixin.entity.collisions.suffocation' (added by mods [apoli]) disables it and children
[20:46:33] [main/WARN]: Force-disabling mixin 'world.player_chunk_tick.ThreadedAnvilChunkStorageMixin' as rule 'mixin.world.player_chunk_tick' (added by mods [krypton]) disables it and children
[20:46:34] [main/WARN]: Force-disabling mixin 'features.render.entity.CuboidMixin' as rule 'mixin.features.render.entity' (added by mods [iris]) disables it and children
[20:46:34] [main/WARN]: Force-disabling mixin 'features.render.entity.ModelPartMixin' as rule 'mixin.features.render.entity' (added by mods [iris]) disables it and children
[20:46:34] [main/WARN]: Force-disabling mixin 'features.render.entity.cull.EntityRendererMixin' as rule 'mixin.features.render.entity' (added by mods [iris]) disables it and children
[20:46:34] [main/WARN]: Force-disabling mixin 'features.render.entity.shadows.EntityRenderDispatcherMixin' as rule 'mixin.features.render.entity' (added by mods [iris]) disables it and children
[20:46:34] [main/WARN]: Force-disabling mixin 'features.render.gui.font.GlyphRendererMixin' as rule 'mixin.features.render.gui.font' (added by mods [iris]) disables it and children
[20:46:34] [main/WARN]: Force-disabling mixin 'features.render.world.sky.BackgroundRendererMixin' as rule 'mixin.features.render.world.sky' (added by mods [iris]) disables it and children
[20:46:34] [main/WARN]: Force-disabling mixin 'features.render.world.sky.ClientWorldMixin' as rule 'mixin.features.render.world.sky' (added by mods [iris]) disables it and children
[20:46:34] [main/WARN]: Force-disabling mixin 'features.render.world.sky.WorldRendererMixin' as rule 'mixin.features.render.world.sky' (added by mods [iris]) disables it and children
[20:46:34] [main/WARN]: Error loading class: com/simibubi/create/content/kinetics/base/BlockBreakingKineticBlockEntity (java.lang.ClassNotFoundException: com/simibubi/create/content/kinetics/base/BlockBreakingKineticBlockEntity)
[20:46:34] [main/WARN]: Error loading class: org/jetbrains/annotations/ApiStatus$Internal (java.lang.ClassNotFoundException: org/jetbrains/annotations/ApiStatus$Internal)
[20:46:35] [main/INFO]: Searching for graphics cards...
[20:46:35] [main/INFO]: Initializing MixinExtras via com.llamalad7.mixinextras.service.MixinExtrasServiceImpl(version=0.2.0).
