[20:39:32] [Render thread/INFO] ========================================
[20:39:32] [Render thread/INFO] Minecraft: 1.20.1
[20:39:32] [Render thread/INFO] Side: client
[20:39:32] [Render thread/INFO] Development: false
[20:39:32] [Render thread/INFO] Version: 12.0.674
[20:39:32] [Render thread/INFO] Loader:
[20:39:32] [Render thread/INFO] - Fabric: 0.14.24
[20:39:32] [Render thread/INFO] - Fabric API: 0.90.7+1.20.1
[20:39:32] [Render thread/INFO] Dependencies:
[20:39:32] [Render thread/INFO] - Cloth Config: 11.1.106
[20:39:32] [Render thread/INFO] - Architectury: 9.1.12
[20:39:32] [Render thread/INFO] Mixin: 0.8.5
[20:39:32] [Render thread/INFO] OS: Windows 11 10.0 (amd64)
[20:39:32] [Render thread/INFO] Java: 21.0.1 (Microsoft)
[20:39:32] [Render thread/INFO] ========================================
[20:39:32] [Render thread/INFO] Mods:
[20:39:32] [Render thread/INFO] - additionalentityattributes: 1.3.0+1.20.0
[20:39:32] [Render thread/INFO] - ae2: 15.0.14
[20:39:32] [Render thread/INFO] - apoli: 2.9.0
[20:39:32] [Render thread/INFO] - appleskin: 2.5.1+mc1.20
[20:39:32] [Render thread/INFO] - architectury: 9.1.12
[20:39:32] [Render thread/INFO] - autotag: 2.0.2+1.20
[20:39:32] [Render thread/INFO] - autotag-convention: 2.0.2+1.20
[20:39:32] [Render thread/INFO] - badpackets: 0.4.3
[20:39:32] [Render thread/INFO] - balm-fabric: 7.1.4
[20:39:32] [Render thread/INFO] - bclib: 3.0.13
[20:39:32] [Render thread/INFO] - betteranimationscollection: 8.0.0
[20:39:32] [Render thread/INFO] - betterbeds: 1.3.0
[20:39:32] [Render thread/INFO] - betterdeserttemples: 1.20-Fabric-3.0.3
[20:39:32] [Render thread/INFO] - betterdungeons: 1.20-Fabric-4.0.3
[20:39:32] [Render thread/INFO] - betterend: 4.0.10
[20:39:32] [Render thread/INFO] - betterendisland: 1.20-Fabric-2.0.4
[20:39:32] [Render thread/INFO] - betterf3: 7.0.1
[20:39:32] [Render thread/INFO] - betterfortresses: 1.20-Fabric-2.0.5
[20:39:32] [Render thread/INFO] - betterjungletemples: 1.20-Fabric-2.0.4
[20:39:32] [Render thread/INFO] - bettermineshafts: 1.20-Fabric-4.0.4
[20:39:32] [Render thread/INFO] - bettermounthud: 1.2.2
[20:39:32] [Render thread/INFO] - betternether: 9.0.9
[20:39:32] [Render thread/INFO] - betteroceanmonuments: 1.20-Fabric-3.0.3
[20:39:32] [Render thread/INFO] - betterstrongholds: 1.20-Fabric-4.0.3
[20:39:32] [Render thread/INFO] - betterwitchhuts: 1.20-Fabric-3.0.3
[20:39:32] [Render thread/INFO] - blur: 3.1.0
[20:39:32] [Render thread/INFO] - bookshelf: 20.1.6
[20:39:32] [Render thread/INFO] - caffeineconfig: 1.3.0+1.17
[20:39:32] [Render thread/INFO] - calio: 1.11.0
[20:39:32] [Render thread/INFO] - capes: 1.5.2+1.20
[20:39:32] [Render thread/INFO] - cardinal-components: 5.2.2
[20:39:32] [Render thread/INFO] - cardinal-components-base: 5.2.2
[20:39:32] [Render thread/INFO] - cardinal-components-block: 5.2.2
[20:39:32] [Render thread/INFO] - cardinal-components-chunk: 5.2.2
[20:39:32] [Render thread/INFO] - cardinal-components-entity: 5.2.2
[20:39:32] [Render thread/INFO] - cardinal-components-item: 5.2.2
[20:39:32] [Render thread/INFO] - cardinal-components-level: 5.2.2
[20:39:32] [Render thread/INFO] - cardinal-components-scoreboard: 5.2.2
[20:39:32] [Render thread/INFO] - cardinal-components-world: 5.2.2
[20:39:32] [Render thread/INFO] - carpet: 1.4.112+v230608
[20:39:32] [Render thread/INFO] - chat_heads: 0.10.22
[20:39:32] [Render thread/INFO] - cloth-basic-math: 0.6.1
[20:39:32] [Render thread/INFO] - cloth-config: 11.1.106
[20:39:32] [Render thread/INFO] - cloth-config: 11.1.106
[20:39:32] [Render thread/INFO] - collective: 6.80
[20:39:32] [Render thread/INFO] - com_akuleshov7_ktoml-core-jvm: 0.4.1
[20:39:32] [Render thread/INFO] - com_electronwill_night-config_core: 3.6.4
[20:39:32] [Render thread/INFO] - com_electronwill_night-config_toml: 3.6.4
[20:39:32] [Render thread/INFO] - com_github_llamalad7_mixinextras: 0.2.0
[20:39:32] [Render thread/INFO] - com_twelvemonkeys_common_common-image: 3.10.0-SNAPSHOT
[20:39:32] [Render thread/INFO] - com_twelvemonkeys_common_common-io: 3.10.0-SNAPSHOT
[20:39:32] [Render thread/INFO] - com_twelvemonkeys_common_common-lang: 3.10.0-SNAPSHOT
[20:39:32] [Render thread/INFO] - com_twelvemonkeys_imageio_imageio-core: 3.10.0-SNAPSHOT
[20:39:32] [Render thread/INFO] - com_twelvemonkeys_imageio_imageio-metadata: 3.10.0-SNAPSHOT
[20:39:32] [Render thread/INFO] - com_twelvemonkeys_imageio_imageio-webp: 3.10.0-SNAPSHOT
[20:39:32] [Render thread/INFO] - com_velocitypowered_velocity-native: 3.2.0-SNAPSHOT
[20:39:32] [Render thread/INFO] - common-protection-api: 1.0.0
[20:39:32] [Render thread/INFO] - craftify: 1.12.0
[20:39:32] [Render thread/INFO] - crowdin-translate: 1.4+1.19.3
[20:39:32] [Render thread/INFO] - ctov: 3.3.6
[20:39:32] [Render thread/INFO] - dev_isxander_settxi_settxi-core: 2.10.6
[20:39:32] [Render thread/INFO] - dev_isxander_settxi_settxi-kotlinx-serialization: 2.10.6
[20:39:32] [Render thread/INFO] - elementa: 590
[20:39:32] [Render thread/INFO] - enchdesc: 17.0.8
[20:39:32] [Render thread/INFO] - entity_texture_features: 4.6.1
[20:39:32] [Render thread/INFO] - entityculling: 1.6.2-mc1.20
[20:39:32] [Render thread/INFO] - error_notifier: 1.0.9
[20:39:32] [Render thread/INFO] - fabric-api: 0.90.7+1.20.1
[20:39:32] [Render thread/INFO] - fabric-api: 0.90.7+1.20.1
[20:39:32] [Render thread/INFO] - fabric-api-base: 0.4.30+7abfd51577
[20:39:32] [Render thread/INFO] - fabric-api-lookup-api-v1: 1.6.35+4d8536c977
[20:39:32] [Render thread/INFO] - fabric-biome-api-v1: 13.0.12+215bbe9677
[20:39:32] [Render thread/INFO] - fabric-block-api-v1: 1.0.10+92a0d36777
[20:39:32] [Render thread/INFO] - fabric-block-view-api-v2: 1.0.0+92a0d36777
[20:39:32] [Render thread/INFO] - fabric-blockrenderlayer-v1: 1.1.40+b3afc78b77
[20:39:32] [Render thread/INFO] - fabric-client-tags-api-v1: 1.1.1+97bb207577
[20:39:32] [Render thread/INFO] - fabric-command-api-v1: 1.2.33+f71b366f77
[20:39:32] [Render thread/INFO] - fabric-command-api-v2: 2.2.12+b3afc78b77
[20:39:32] [Render thread/INFO] - fabric-commands-v0: 0.2.50+df3654b377
[20:39:32] [Render thread/INFO] - fabric-containers-v0: 0.1.63+df3654b377
[20:39:32] [Render thread/INFO] - fabric-content-registries-v0: 4.0.10+57aed33f77
[20:39:32] [Render thread/INFO] - fabric-convention-tags-v1: 1.5.4+a1a980da77
[20:39:32] [Render thread/INFO] - fabric-crash-report-info-v1: 0.2.18+aeb40ebe77
[20:39:32] [Render thread/INFO] - fabric-data-generation-api-v1: 12.3.2+d7b148e077
[20:39:32] [Render thread/INFO] - fabric-dimensions-v1: 2.1.53+8536527b77
[20:39:32] [Render thread/INFO] - fabric-entity-events-v1: 1.5.22+b3afc78b77
[20:39:32] [Render thread/INFO] - fabric-events-interaction-v0: 0.6.1+e91849a877
[20:39:32] [Render thread/INFO] - fabric-events-lifecycle-v0: 0.2.62+df3654b377
[20:39:32] [Render thread/INFO] - fabric-game-rule-api-v1: 1.0.39+ae9f657a77
[20:39:32] [Render thread/INFO] - fabric-item-api-v1: 2.1.27+b3afc78b77
[20:39:32] [Render thread/INFO] - fabric-item-group-api-v1: 4.0.11+d7b148e077
[20:39:32] [Render thread/INFO] - fabric-key-binding-api-v1: 1.0.36+fb8d95da77
[20:39:32] [Render thread/INFO] - fabric-keybindings-v0: 0.2.34+df3654b377
[20:39:32] [Render thread/INFO] - fabric-language-kotlin: 1.10.9+kotlin.1.9.0
[20:39:32] [Render thread/INFO] - fabric-lifecycle-events-v1: 2.2.21+b3afc78b77
[20:39:32] [Render thread/INFO] - fabric-loot-api-v2: 1.2.0+96dfa95977
[20:39:32] [Render thread/INFO] - fabric-loot-tables-v1: 1.1.44+9e7660c677
[20:39:32] [Render thread/INFO] - fabric-message-api-v1: 5.1.8+d7b148e077
[20:39:32] [Render thread/INFO] - fabric-mining-level-api-v1: 2.1.49+b3afc78b77
[20:39:32] [Render thread/INFO] - fabric-model-loading-api-v1: 1.0.2+709a987177
[20:39:32] [Render thread/INFO] - fabric-models-v0: 0.4.1+9386d8a777
[20:39:32] [Render thread/INFO] - fabric-networking-api-v1: 1.3.10+eeb8eb3677
[20:39:32] [Render thread/INFO] - fabric-networking-v0: 0.3.50+df3654b377
[20:39:32] [Render thread/INFO] - fabric-object-builder-api-v1: 11.1.2+4ee0bc6077
[20:39:32] [Render thread/INFO] - fabric-particles-v1: 1.1.1+201a23a077
[20:39:32] [Render thread/INFO] - fabric-permissions-api-v0: 0.2-SNAPSHOT
[20:39:32] [Render thread/INFO] - fabric-recipe-api-v1: 1.0.20+b3afc78b77
[20:39:32] [Render thread/INFO] - fabric-registry-sync-v0: 2.3.2+4df89eb277
[20:39:32] [Render thread/INFO] - fabric-renderer-api-v1: 3.2.0+39a511ba77
[20:39:32] [Render thread/INFO] - fabric-renderer-indigo: 1.5.0+39a511ba77
[20:39:32] [Render thread/INFO] - fabric-renderer-registries-v1: 3.2.45+df3654b377
[20:39:32] [Render thread/INFO] - fabric-rendering-data-attachment-v1: 0.3.36+92a0d36777
[20:39:32] [Render thread/INFO] - fabric-rendering-fluids-v1: 3.0.27+b3afc78b77
[20:39:32] [Render thread/INFO] - fabric-rendering-v0: 1.1.48+df3654b377
[20:39:32] [Render thread/INFO] - fabric-rendering-v1: 3.0.7+b3afc78b77
[20:39:32] [Render thread/INFO] - fabric-resource-conditions-api-v1: 2.3.6+d7b148e077
[20:39:32] [Render thread/INFO] - fabric-resource-loader-v0: 0.11.9+132c48c177
[20:39:32] [Render thread/INFO] - fabric-screen-api-v1: 2.0.7+b3afc78b77
[20:39:32] [Render thread/INFO] - fabric-screen-handler-api-v1: 1.3.29+b3afc78b77
[20:39:32] [Render thread/INFO] - fabric-sound-api-v1: 1.0.12+b3afc78b77
[20:39:32] [Render thread/INFO] - fabric-transfer-api-v1: 3.3.2+1bc31aeb77
[20:39:32] [Render thread/INFO] - fabric-transitive-access-wideners-v1: 4.3.0+6c31357e77
[20:39:32] [Render thread/INFO] - fabricloader: 0.14.24
[20:39:32] [Render thread/INFO] - fancymenu: 2.14.10
[20:39:32] [Render thread/INFO] - farmersdelight: 1.20.1-1.4.2
[20:39:32] [Render thread/INFO] - ferritecore: 6.0.1
[20:39:32] [Render thread/INFO] - forgeconfigapiport: 8.0.0
[20:39:32] [Render thread/INFO] - heartbond: 1.6.0
[20:39:32] [Render thread/INFO] - highlighter: 1.1.6
[20:39:32] [Render thread/INFO] - iceberg: 1.1.15
[20:39:32] [Render thread/INFO] - imm_ptl_core: 3.3.5
[20:39:32] [Render thread/INFO] - immersive_portals: 3.3.5
[20:39:32] [Render thread/INFO] - indium: 1.0.27+mc1.20.1
[20:39:32] [Render thread/INFO] - inventoryessentials: 8.2.1
[20:39:32] [Render thread/INFO] - inventoryprofilesnext: 1.10.9
[20:39:32] [Render thread/INFO] - io_github_douira_glsl-transformer: 2.0.0-pre13
[20:39:32] [Render thread/INFO] - iris: 1.6.10
[20:39:32] [Render thread/INFO] - isxander-main-menu-credits: 1.1.2
[20:39:32] [Render thread/INFO] - java: 21
[20:39:32] [Render thread/INFO] - konkrete: 1.7.0
[20:39:32] [Render thread/INFO] - krypton: 0.2.3
[20:39:32] [Render thread/INFO] - libipn: 4.0.0
[20:39:32] [Render thread/INFO] - lithium: 0.11.2
[20:39:32] [Render thread/INFO] - loadmyresources: 1.0.4
[20:39:32] [Render thread/INFO] - midnightlib: 1.4.1
[20:39:32] [Render thread/INFO] - minecraft: 1.20.1
[20:39:32] [Render thread/INFO] - mixinsquared: 0.1.1
[20:39:32] [Render thread/INFO] - mixintrace: 1.1.1+1.17
[20:39:32] [Render thread/INFO] - modernfix: 5.9.0+mc1.20.1
[20:39:32] [Render thread/INFO] - modmenu: 7.2.2
[20:39:32] [Render thread/INFO] - moonlight: 1.20-2.8.56
[20:39:32] [Render thread/INFO] - mr_veinminer: 1.1.0
[20:39:32] [Render thread/INFO] - netherportalfix: 13.0.0
[20:39:32] [Render thread/INFO] - notenoughanimations: 1.6.4
[20:39:32] [Render thread/INFO] - openpartiesandclaims: 0.20.0
[20:39:32] [Render thread/INFO] - org_anarres_jcpp: 1.4.14
[20:39:32] [Render thread/INFO] - org_antlr_antlr4-runtime: 4.11.1
[20:39:32] [Render thread/INFO] - org_apache_httpcomponents_httpmime: 4.5.10
[20:39:32] [Render thread/INFO] - org_javassist_javassist: 3.29.2-GA
[20:39:32] [Render thread/INFO] - org_jetbrains_kotlin_kotlin-reflect: 1.9.0
[20:39:32] [Render thread/INFO] - org_jetbrains_kotlin_kotlin-stdlib: 1.9.0
[20:39:32] [Render thread/INFO] - org_jetbrains_kotlin_kotlin-stdlib-jdk7: 1.9.0
[20:39:32] [Render thread/INFO] - org_jetbrains_kotlin_kotlin-stdlib-jdk8: 1.9.0
[20:39:32] [Render thread/INFO] - org_jetbrains_kotlinx_atomicfu-jvm: 0.22.0
[20:39:32] [Render thread/INFO] - org_jetbrains_kotlinx_kotlinx-coroutines-core-jvm: 1.7.3
[20:39:32] [Render thread/INFO] - org_jetbrains_kotlinx_kotlinx-coroutines-jdk8: 1.7.3
[20:39:32] [Render thread/INFO] - org_jetbrains_kotlinx_kotlinx-datetime-jvm: 0.4.0
[20:39:32] [Render thread/INFO] - org_jetbrains_kotlinx_kotlinx-serialization-cbor-jvm: 1.6.0
[20:39:32] [Render thread/INFO] - org_jetbrains_kotlinx_kotlinx-serialization-core-jvm: 1.6.0
[20:39:32] [Render thread/INFO] - org_jetbrains_kotlinx_kotlinx-serialization-json-jvm: 1.6.0
[20:39:32] [Render thread/INFO] - org_quiltmc_parsers_gson: 0.2.1
[20:39:32] [Render thread/INFO] - org_quiltmc_parsers_json: 0.2.1
[20:39:32] [Render thread/INFO] - org_reflections_reflections: 0.10.2
[20:39:32] [Render thread/INFO] - origins: 1.10.0
[20:39:32] [Render thread/INFO] - origins-classes: 1.7.0
[20:39:32] [Render thread/INFO] - packet_tweaker: 0.4.0+1.19.4
[20:39:32] [Render thread/INFO] - placeholder-api: 2.1.3+1.20.1
[20:39:32] [Render thread/INFO] - playerabilitylib: 1.8.0
[20:39:32] [Render thread/INFO] - polymer-common: 0.5.15+1.20.1
[20:39:32] [Render thread/INFO] - polymer-core: 0.5.15+1.20.1
[20:39:32] [Render thread/INFO] - polymer-networking: 0.5.15+1.20.1
[20:39:32] [Render thread/INFO] - polymer-registry-sync-manipulator: 0.5.15+1.20.1
[20:39:32] [Render thread/INFO] - polymer-resource-pack: 0.5.15+1.20.1
[20:39:32] [Render thread/INFO] - polymer-virtual-entity: 0.5.15+1.20.1
[20:39:32] [Render thread/INFO] - predicate-api: 0.2.1+1.20.1
[20:39:32] [Render thread/INFO] - puzzlesaccessapi: 8.0.7
[20:39:32] [Render thread/INFO] - puzzleslib: 8.1.7
[20:39:32] [Render thread/INFO] - q_misc_util: 3.3.5
[20:39:32] [Render thread/INFO] - reach-entity-attributes: 2.4.0
[20:39:32] [Render thread/INFO] - reeses-sodium-options: 1.6.5+mc1.20.1-build.95
[20:39:32] [Render thread/INFO] - roughlyenoughitems: 12.0.674
[20:39:32] [Render thread/INFO] - satin: 1.13.0
[20:39:32] [Render thread/INFO] - seasons: 2.3+1.20
[20:39:32] [Render thread/INFO] - server_translations_api: 2.0.0+1.20
[20:39:32] [Render thread/INFO] - sgui: 1.2.2+1.20
[20:39:32] [Render thread/INFO] - shulkerboxtooltip: 4.0.4+1.20.1
[20:39:32] [Render thread/INFO] - skinlayers: 1.5.4-mc1.20.1
[20:39:32] [Render thread/INFO] - sodium: 0.5.3
[20:39:32] [Render thread/INFO] - sodium-extra: 0.5.1+mc1.20.1-build.112
[20:39:32] [Render thread/INFO] - sound_physics_remastered: 1.20.1-1.2.1
[20:39:32] [Render thread/INFO] - starlight: 1.1.2+fabric.dbc156f
[20:39:32] [Render thread/INFO] - supplementaries: 1.20-2.6.19
[20:39:32] [Render thread/INFO] - team_reborn_energy: 3.0.0
[20:39:32] [Render thread/INFO] - terrablender: 3.0.0.169
[20:39:32] [Render thread/INFO] - travelersbackpack: 1.20.1-9.1.8
[20:39:32] [Render thread/INFO] - travelerstitles: 1.20-Fabric-4.0.1
[20:39:32] [Render thread/INFO] - trinkets: 3.7.1
[20:39:32] [Render thread/INFO] - universal-graves: 3.0.0+1.20.1
[20:39:32] [Render thread/INFO] - universalcraft: 277
[20:39:32] [Render thread/INFO] - vigilance: 284
[20:39:32] [Render thread/INFO] - villagernames: 6.1
[20:39:32] [Render thread/INFO] - visualworkbench: 8.0.0
[20:39:32] [Render thread/INFO] - voicechat: 1.20.1-2.4.28
[20:39:32] [Render thread/INFO] - waystones: 14.0.2
[20:39:32] [Render thread/INFO] - wthit: 8.4.1
[20:39:32] [Render thread/INFO] - wunderlib: 1.1.5
[20:39:32] [Render thread/INFO] - wunderreich: 6.0.4
[20:39:32] [Render thread/INFO] - xaerominimap: 23.8.4
[20:39:32] [Render thread/INFO] - yet_another_config_lib_v3: 3.2.1+1.20
[20:39:32] [Render thread/INFO] - yosbr: 0.1.2
[20:39:32] [Render thread/INFO] - yungsapi: 1.20-Fabric-4.0.2
[20:39:32] [Render thread/INFO] - yungsbridges: 1.20-Fabric-4.0.3
[20:39:32] [Render thread/INFO] - yungsextras: 1.20-Fabric-4.0.3
[20:39:32] [Render thread/INFO] - yungsmenutweaks: 1.20.1-Fabric-1.0.1
[20:39:32] [Render thread/INFO] - zoomify: 2.11.2
[20:39:32] [Render thread/INFO] ========================================
[20:39:32] [Render thread/DEBUG] [REI] Added filtering rule [roughlyenoughitems:search]: INSTANCE
[20:39:32] [Render thread/DEBUG] [REI] Added filtering rule [roughlyenoughitems:manual]: INSTANCE
[20:39:32] [Render thread/DEBUG] [REI] Added filtering rule [roughlyenoughitems:basic]: INSTANCE
[20:39:32] [Render thread/INFO] [REI] Config loaded
[20:39:32] [Render thread/DEBUG] [REI] Config saved
[20:39:32] [Render thread/INFO] [REI] Registered plugin provider DefaultPlugin [roughlyenoughitems] for REIPlugin
[20:39:32] [Render thread/INFO] [REI] Registered plugin provider DefaultRuntimePlugin [roughlyenoughitems] for REIPlugin
[20:39:32] [Render thread/INFO] [REI] Registered plugin provider ReiCompat [travelersbackpack] for REIPlugin
[20:39:32] [Render thread/INFO] [REI] Registered plugin provider AE2 [ae2] for REIPlugin
[20:39:32] [Render thread/INFO] [REI] Registered plugin provider REITooltipPlugin [appleskin] for REIPlugin
[20:39:32] [Render thread/INFO] [REI] Registered plugin provider REIPlugin [betterend] for REIPlugin
[20:39:32] [Render thread/INFO] [REI] Registered plugin provider FarmersDelightModREI [farmersdelight] for REIPlugin
[20:39:32] [Render thread/INFO] [REI] Registered plugin provider ReiCompatibility [polymer-core] for REIPlugin
[20:39:32] [Render thread/INFO] [REI] Registered plugin provider DefaultClientPlugin [roughlyenoughitems] for REIPlugin
[20:39:33] [Render thread/INFO] [REI] Registered plugin provider DefaultClientRuntimePlugin [roughlyenoughitems] for REIPlugin
[20:39:33] [Render thread/DEBUG] [REI] Added filtering rule [roughlyenoughitems:hidden_from_recipe_viewers]: INSTANCE
[20:39:33] [Render thread/INFO] [REI] Registered plugin provider HideIngredientsFromTagsPlugin [roughlyenoughitems] for REIPlugin
[20:39:33] [Render thread/INFO] [REI] Registered plugin provider REICompat [supplementaries] for REIPlugin
[20:39:33] [Render thread/INFO] [REI] Registered plugin provider ReiClientCompat [travelersbackpack] for REIPlugin
[20:39:33] [Render thread/INFO] [REI] Registered plugin provider RoughlyEnoughItemsIntegration [waystones] for REIPlugin
[20:39:33] [Render thread/INFO] [REI] Registered plugin provider ReiRecipeAction [wthit] for REIPlugin
[20:39:33] [Render thread/INFO] [REI] Registered plugin provider ClientPlugin [wunderreich] for REIPlugin
[20:39:33] [Render thread/INFO] [REI] Registered plugin provider DefaultPlugin [roughlyenoughitems] for REIServerPlugin
[20:39:33] [Render thread/INFO] [REI] Registered plugin provider DefaultRuntimePlugin [roughlyenoughitems] for REIServerPlugin
[20:39:33] [Render thread/INFO] [REI] Registered plugin provider ReiCompat [travelersbackpack] for REIServerPlugin
[20:39:33] [Render thread/INFO] [REI] Registered plugin provider FabricFluidAPISupportPlugin for REIServerPlugin
[20:39:33] [Render thread/INFO] [REI] Registered plugin provider FabricFluidAPISupportPlugin for REIPlugin
